14:04:35 INFO  : Registering command handlers for SDK TCF services
14:04:36 INFO  : Launching XSCT server: xsct.bat -interactive C:\Users\Chance\Documents\ece527\demo_1\demo_1.sdk\temp_xsdb_launch_script.tcl
14:04:41 INFO  : XSCT server has started successfully.
14:04:49 INFO  : Successfully done setting XSCT server connection channel  
14:04:49 INFO  : Processing command line option -hwspec C:/Users/Chance/Documents/ece527/demo_1/demo_1.sdk/design_1_wrapper.hdf.
14:04:50 INFO  : Successfully done setting SDK workspace  
14:14:22 ERROR : Checking FPGA configuration failed..Connection to Board Failed


    Unknown Error Occured
    Cable is not connected to the host

14:14:22 ERROR : Unexpected error while launching program.
com.xilinx.sdk.targetmanager.TMException: Connection to Board Failed


    Unknown Error Occured
    Cable is not connected to the host

	at com.xilinx.sdk.targetmanager.internal.TM.isFPGAConfigured(TM.java:374)
	at com.xilinx.sdk.debug.core.XilinxAppLaunchConfigurationDelegate.isFpgaConfigured(XilinxAppLaunchConfigurationDelegate.java:409)
	at com.xilinx.sdk.debug.core.XilinxAppLaunchConfigurationDelegate.launch(XilinxAppLaunchConfigurationDelegate.java:303)
	at com.xilinx.sdk.debug.ui.XilinxAppLaunchDelegateWrapper.launch(XilinxAppLaunchDelegateWrapper.java:31)
	at org.eclipse.debug.internal.core.LaunchConfiguration.launch(LaunchConfiguration.java:885)
	at org.eclipse.debug.internal.core.LaunchConfiguration.launch(LaunchConfiguration.java:739)
	at org.eclipse.debug.internal.ui.DebugUIPlugin.buildAndLaunch(DebugUIPlugin.java:1039)
	at org.eclipse.debug.internal.ui.DebugUIPlugin$8.run(DebugUIPlugin.java:1256)
	at org.eclipse.core.internal.jobs.Worker.run(Worker.java:55)
14:14:46 INFO  : Connected to target on host '127.0.0.1' and port '3121'.
14:16:55 INFO  : Connected to target on host '127.0.0.1' and port '3121'.
14:16:55 INFO  : 'targets -set -filter {jtag_cable_name =~ "Digilent Zed 210248469928" && level==0} -index 1' command is executed.
14:16:58 INFO  : FPGA configured successfully with bitstream "C:/Users/Chance/Documents/ece527/demo_1/demo_1.sdk/design_1_wrapper_hw_platform_0/design_1_wrapper.bit"
14:17:10 ERROR : Checking FPGA configuration failed..Connection to Board Failed


    Unknown Error Occured
    Cable is not powered-on

14:17:10 ERROR : Unexpected error while launching program.
com.xilinx.sdk.targetmanager.TMException: Connection to Board Failed


    Unknown Error Occured
    Cable is not powered-on

	at com.xilinx.sdk.targetmanager.internal.TM.isFPGAConfigured(TM.java:374)
	at com.xilinx.sdk.debug.core.XilinxAppLaunchConfigurationDelegate.isFpgaConfigured(XilinxAppLaunchConfigurationDelegate.java:409)
	at com.xilinx.sdk.debug.core.XilinxAppLaunchConfigurationDelegate.launch(XilinxAppLaunchConfigurationDelegate.java:303)
	at com.xilinx.sdk.debug.ui.XilinxAppLaunchDelegateWrapper.launch(XilinxAppLaunchDelegateWrapper.java:31)
	at org.eclipse.debug.internal.core.LaunchConfiguration.launch(LaunchConfiguration.java:885)
	at org.eclipse.debug.internal.core.LaunchConfiguration.launch(LaunchConfiguration.java:739)
	at org.eclipse.debug.internal.ui.DebugUIPlugin.buildAndLaunch(DebugUIPlugin.java:1039)
	at org.eclipse.debug.internal.ui.DebugUIPlugin$8.run(DebugUIPlugin.java:1256)
	at org.eclipse.core.internal.jobs.Worker.run(Worker.java:55)
14:17:17 ERROR : Checking FPGA configuration failed..Connection to Board Failed


    Unknown Error Occured
    Cable is not powered-on

14:17:17 ERROR : Unexpected error while launching program.
com.xilinx.sdk.targetmanager.TMException: Connection to Board Failed


    Unknown Error Occured
    Cable is not powered-on

	at com.xilinx.sdk.targetmanager.internal.TM.isFPGAConfigured(TM.java:374)
	at com.xilinx.sdk.debug.core.XilinxAppLaunchConfigurationDelegate.isFpgaConfigured(XilinxAppLaunchConfigurationDelegate.java:409)
	at com.xilinx.sdk.debug.core.XilinxAppLaunchConfigurationDelegate.launch(XilinxAppLaunchConfigurationDelegate.java:303)
	at com.xilinx.sdk.debug.ui.XilinxAppLaunchDelegateWrapper.launch(XilinxAppLaunchDelegateWrapper.java:31)
	at org.eclipse.debug.internal.core.LaunchConfiguration.launch(LaunchConfiguration.java:885)
	at org.eclipse.debug.internal.core.LaunchConfiguration.launch(LaunchConfiguration.java:739)
	at org.eclipse.debug.internal.ui.DebugUIPlugin.buildAndLaunch(DebugUIPlugin.java:1039)
	at org.eclipse.debug.internal.ui.DebugUIPlugin$8.run(DebugUIPlugin.java:1256)
	at org.eclipse.core.internal.jobs.Worker.run(Worker.java:55)
14:17:42 ERROR : Checking FPGA configuration failed..Connection to Board Failed


    Unknown Error Occured
    Cable is not powered-on

14:17:42 ERROR : Unexpected error while launching program.
com.xilinx.sdk.targetmanager.TMException: Connection to Board Failed


    Unknown Error Occured
    Cable is not powered-on

	at com.xilinx.sdk.targetmanager.internal.TM.isFPGAConfigured(TM.java:374)
	at com.xilinx.sdk.debug.core.XilinxAppLaunchConfigurationDelegate.isFpgaConfigured(XilinxAppLaunchConfigurationDelegate.java:409)
	at com.xilinx.sdk.debug.core.XilinxAppLaunchConfigurationDelegate.launch(XilinxAppLaunchConfigurationDelegate.java:303)
	at com.xilinx.sdk.debug.ui.XilinxAppLaunchDelegateWrapper.launch(XilinxAppLaunchDelegateWrapper.java:31)
	at org.eclipse.debug.internal.core.LaunchConfiguration.launch(LaunchConfiguration.java:885)
	at org.eclipse.debug.internal.core.LaunchConfiguration.launch(LaunchConfiguration.java:739)
	at org.eclipse.debug.internal.ui.DebugUIPlugin.buildAndLaunch(DebugUIPlugin.java:1039)
	at org.eclipse.debug.internal.ui.DebugUIPlugin$8.run(DebugUIPlugin.java:1256)
	at org.eclipse.core.internal.jobs.Worker.run(Worker.java:55)
14:21:52 INFO  : Connected to target on host '127.0.0.1' and port '3121'.
14:22:25 INFO  : Connected to target on host '127.0.0.1' and port '3121'.
14:22:25 INFO  : 'targets -set -filter {jtag_cable_name =~ "Digilent Zed 210248469928" && level==0} -index 1' command is executed.
14:22:27 INFO  : FPGA configured successfully with bitstream "C:/Users/Chance/Documents/ece527/demo_1/demo_1.sdk/design_1_wrapper_hw_platform_0/design_1_wrapper.bit"
14:22:53 ERROR : Checking FPGA configuration failed..Connection to Board Failed


    Unknown Error Occured
    Cable is not powered-on

14:22:53 ERROR : Unexpected error while launching program.
com.xilinx.sdk.targetmanager.TMException: Connection to Board Failed


    Unknown Error Occured
    Cable is not powered-on

	at com.xilinx.sdk.targetmanager.internal.TM.isFPGAConfigured(TM.java:374)
	at com.xilinx.sdk.debug.core.XilinxAppLaunchConfigurationDelegate.isFpgaConfigured(XilinxAppLaunchConfigurationDelegate.java:409)
	at com.xilinx.sdk.debug.core.XilinxAppLaunchConfigurationDelegate.launch(XilinxAppLaunchConfigurationDelegate.java:303)
	at com.xilinx.sdk.debug.ui.XilinxAppLaunchDelegateWrapper.launch(XilinxAppLaunchDelegateWrapper.java:31)
	at org.eclipse.debug.internal.core.LaunchConfiguration.launch(LaunchConfiguration.java:885)
	at org.eclipse.debug.internal.core.LaunchConfiguration.launch(LaunchConfiguration.java:739)
	at org.eclipse.debug.internal.ui.DebugUIPlugin.buildAndLaunch(DebugUIPlugin.java:1039)
	at org.eclipse.debug.internal.ui.DebugUIPlugin$8.run(DebugUIPlugin.java:1256)
	at org.eclipse.core.internal.jobs.Worker.run(Worker.java:55)
14:23:24 INFO  : Connected to target on host '127.0.0.1' and port '3121'.
14:23:25 ERROR : no targets found with "jtag_cable_name =~ "Digilent Zed 210248469928" && level==0". available targets:
  4* xc7z020
14:23:40 INFO  : Connected to target on host '127.0.0.1' and port '3121'.
14:27:53 INFO  : Connected to target on host '127.0.0.1' and port '3121'.
14:27:53 INFO  : 'targets -set -filter {jtag_cable_name =~ "Digilent Zed 210248469928" && level==0} -index 1' command is executed.
14:27:56 INFO  : FPGA configured successfully with bitstream "C:/Users/Chance/Documents/ece527/demo_1/demo_1.sdk/design_1_wrapper_hw_platform_0/design_1_wrapper.bit"
14:28:02 INFO  : ps7_init is completed.
14:28:02 INFO  : ps7_post_config is completed.
14:28:02 INFO  : Processor reset is completed for ps7_cortexa9_0
14:51:41 INFO  : Connected to target on host '127.0.0.1' and port '3121'.
14:51:41 INFO  : 'targets -set -filter {jtag_cable_name =~ "Digilent Zed 210248469928" && level==0} -index 1' command is executed.
14:51:43 INFO  : FPGA configured successfully with bitstream "C:/Users/Chance/Documents/ece527/demo_1/demo_1.sdk/design_1_wrapper_hw_platform_0/design_1_wrapper.bit"
14:53:26 INFO  : Connected to target on host '127.0.0.1' and port '3121'.
14:54:08 INFO  : Connected to target on host '127.0.0.1' and port '3121'.
14:54:39 INFO  : Connected to target on host '127.0.0.1' and port '3121'.
14:56:54 INFO  : Connected to target on host '127.0.0.1' and port '3121'.
14:56:54 INFO  : 'targets -set -filter {jtag_cable_name =~ "Digilent Zed 210248469928" && level==0} -index 1' command is executed.
14:56:57 INFO  : FPGA configured successfully with bitstream "C:/Users/Chance/Documents/ece527/demo_1/demo_1.sdk/design_1_wrapper_hw_platform_0/design_1_wrapper.bit"
14:57:03 INFO  : ps7_init is completed.
14:57:03 INFO  : ps7_post_config is completed.
14:57:03 INFO  : Processor reset is completed for ps7_cortexa9_0
14:58:03 INFO  : ps7_init is completed.
14:58:03 INFO  : ps7_post_config is completed.
14:58:03 INFO  : Processor reset is completed for ps7_cortexa9_0
14:59:59 INFO  : Processor reset is completed for ps7_cortexa9_0
15:00:19 INFO  : Processor reset is completed for ps7_cortexa9_0
15:00:57 INFO  : Processor reset is completed for ps7_cortexa9_0
15:00:57 ERROR : Port COM5 is already in use.
15:01:18 INFO  : Processor reset is completed for ps7_cortexa9_0
15:02:42 INFO  : Processor reset is completed for ps7_cortexa9_0
15:04:12 ERROR : Unexpected error while parsing XMD response ?: com.google.gson.JsonSyntaxException: com.google.gson.stream.MalformedJsonException: invalid number or unquoted string near 
13:51:36 INFO  : Registering command handlers for SDK TCF services
13:51:37 INFO  : Launching XSCT server: xsct.bat -interactive C:\Users\Chance\Documents\ece527\demo_1\demo_1.sdk\temp_xsdb_launch_script.tcl
13:51:40 INFO  : XSCT server has started successfully.
13:51:45 INFO  : Processing command line option -hwspec C:/Users/Chance/Documents/ece527/demo_1/demo_1.sdk/design_1_wrapper.hdf.
13:51:45 INFO  : Successfully done setting XSCT server connection channel  
13:51:47 INFO  : Successfully done setting SDK workspace  
13:51:48 INFO  : Checking for hwspec changes in the project design_1_wrapper_hw_platform_0.
13:51:48 INFO  : SDK has detected change in the last modified timestamps for source hardware specification file Source:1505155775816,  Project:1505070144179
13:51:48 INFO  : The hardware specification for project 'design_1_wrapper_hw_platform_0' is different from C:/Users/Chance/Documents/ece527/demo_1/demo_1.sdk/design_1_wrapper.hdf.
13:51:48 INFO  : Copied contents of C:/Users/Chance/Documents/ece527/demo_1/demo_1.sdk/design_1_wrapper.hdf into \design_1_wrapper_hw_platform_0\system.hdf.
13:51:52 INFO  : Synchronizing projects in the workspace with the hardware platform specification changes.
13:51:57 INFO  : 
13:51:58 INFO  : Updating hardware inferred compiler options for hello_world.
13:51:58 INFO  : Clearing existing target manager status.
15:50:59 ERROR : Unexpected error while parsing XMD response ?: com.google.gson.JsonSyntaxException: com.google.gson.stream.MalformedJsonException: invalid number or unquoted string near 
20:01:43 INFO  : Registering command handlers for SDK TCF services
20:01:43 INFO  : Launching XSCT server: xsct.bat -interactive C:\Users\Chance\Documents\ece527\demo_1\demo_1.sdk\temp_xsdb_launch_script.tcl
20:01:47 INFO  : XSCT server has started successfully.
20:01:47 INFO  : Successfully done setting XSCT server connection channel  
20:01:53 INFO  : Processing command line option -hwspec C:/Users/Chance/Documents/ece527/demo_1/demo_1.sdk/design_1_wrapper.hdf.
20:01:53 INFO  : Successfully done setting SDK workspace  
20:01:56 INFO  : Checking for hwspec changes in the project design_1_wrapper_hw_platform_0.
20:17:13 INFO  : Connected to target on host '127.0.0.1' and port '3121'.
20:17:13 INFO  : 'targets -set -filter {jtag_cable_name =~ "Digilent Zed 210248469928" && level==0} -index 1' command is executed.
20:17:16 INFO  : FPGA configured successfully with bitstream "C:/Users/Chance/Documents/ece527/demo_1/demo_1.sdk/design_1_wrapper_hw_platform_0/design_1_wrapper.bit"
20:17:52 INFO  : ps7_init is completed.
20:17:52 INFO  : ps7_post_config is completed.
20:17:52 INFO  : Processor reset is completed for ps7_cortexa9_0
20:18:20 INFO  : ps7_cortexa9_0 Processor is in use. Please stop existing Run or Debug sessions before launching.
20:18:22 INFO  : Processor reset is completed for ps7_cortexa9_0
20:19:29 INFO  : ps7_cortexa9_0 Processor is in use. Please stop existing Run or Debug sessions before launching.
20:19:31 INFO  : Processor reset is completed for ps7_cortexa9_0
20:24:12 INFO  : ps7_cortexa9_0 Processor is in use. Please stop existing Run or Debug sessions before launching.
20:24:17 INFO  : Processor reset is completed for ps7_cortexa9_0
20:24:49 INFO  : ps7_cortexa9_0 Processor is in use. Please stop existing Run or Debug sessions before launching.
20:24:51 INFO  : Processor reset is completed for ps7_cortexa9_0
20:27:03 INFO  : ps7_cortexa9_0 Processor is in use. Please stop existing Run or Debug sessions before launching.
20:27:06 INFO  : Processor reset is completed for ps7_cortexa9_0
20:28:07 INFO  : FPGA Cable Disconnected. All active launches will be terminated.
20:28:18 INFO  : Time out for XMD transaction is 60000
If you want to increase the timeout value, goto Windows-> Preferences -> Xilinx SDK -> XMD Startup
20:28:18 ERROR : Timeout occured while waiting to get reply for command "xdisconnect 64"
20:28:18 ERROR : Disconnect target failed.
20:28:18 ERROR : Disconnect target failed.No Target with ID 64 in the System


20:29:22 ERROR : Checking FPGA configuration failed..Lost communication with jtag cable. Run "xdisconnect -cable"
                           and start over again


20:29:22 ERROR : Unexpected error while launching program.
com.xilinx.sdk.targetmanager.TMException: Lost communication with jtag cable. Run "xdisconnect -cable"
                           and start over again


	at com.xilinx.sdk.targetmanager.internal.TM.isFPGAConfigured(TM.java:374)
	at com.xilinx.sdk.debug.core.XilinxAppLaunchConfigurationDelegate.isFpgaConfigured(XilinxAppLaunchConfigurationDelegate.java:409)
	at com.xilinx.sdk.debug.core.XilinxAppLaunchConfigurationDelegate.launch(XilinxAppLaunchConfigurationDelegate.java:303)
	at com.xilinx.sdk.debug.ui.XilinxAppLaunchDelegateWrapper.launch(XilinxAppLaunchDelegateWrapper.java:31)
	at org.eclipse.debug.internal.core.LaunchConfiguration.launch(LaunchConfiguration.java:885)
	at org.eclipse.debug.internal.core.LaunchConfiguration.launch(LaunchConfiguration.java:739)
	at org.eclipse.debug.internal.ui.DebugUIPlugin.buildAndLaunch(DebugUIPlugin.java:1039)
	at org.eclipse.debug.internal.ui.DebugUIPlugin$8.run(DebugUIPlugin.java:1256)
	at org.eclipse.core.internal.jobs.Worker.run(Worker.java:55)
20:29:22 ERROR : Disconnect target failed.No Target with ID 64 in the System


20:29:29 INFO  : Connected to target on host '127.0.0.1' and port '3121'.
20:29:30 INFO  : 'targets -set -filter {jtag_cable_name =~ "Digilent Zed 210248469928" && level==0} -index 1' command is executed.
20:29:32 INFO  : FPGA configured successfully with bitstream "C:/Users/Chance/Documents/ece527/demo_1/demo_1.sdk/design_1_wrapper_hw_platform_0/design_1_wrapper.bit"
20:29:35 ERROR : Checking FPGA configuration failed..Lost communication with jtag cable. Run "xdisconnect -cable"
                           and start over again


20:29:35 ERROR : Unexpected error while launching program.
com.xilinx.sdk.targetmanager.TMException: Lost communication with jtag cable. Run "xdisconnect -cable"
                           and start over again


	at com.xilinx.sdk.targetmanager.internal.TM.isFPGAConfigured(TM.java:374)
	at com.xilinx.sdk.debug.core.XilinxAppLaunchConfigurationDelegate.isFpgaConfigured(XilinxAppLaunchConfigurationDelegate.java:409)
	at com.xilinx.sdk.debug.core.XilinxAppLaunchConfigurationDelegate.launch(XilinxAppLaunchConfigurationDelegate.java:303)
	at com.xilinx.sdk.debug.ui.XilinxAppLaunchDelegateWrapper.launch(XilinxAppLaunchDelegateWrapper.java:31)
	at org.eclipse.debug.internal.core.LaunchConfiguration.launch(LaunchConfiguration.java:885)
	at org.eclipse.debug.internal.core.LaunchConfiguration.launch(LaunchConfiguration.java:739)
	at org.eclipse.debug.internal.ui.DebugUIPlugin.buildAndLaunch(DebugUIPlugin.java:1039)
	at org.eclipse.debug.internal.ui.DebugUIPlugin$8.run(DebugUIPlugin.java:1256)
	at org.eclipse.core.internal.jobs.Worker.run(Worker.java:55)
20:29:35 ERROR : Disconnect target failed.No Target with ID 64 in the System


20:29:49 ERROR : Checking FPGA configuration failed..Lost communication with jtag cable. Run "xdisconnect -cable"
                           and start over again


20:29:49 ERROR : Unexpected error while launching program.
com.xilinx.sdk.targetmanager.TMException: Lost communication with jtag cable. Run "xdisconnect -cable"
                           and start over again


	at com.xilinx.sdk.targetmanager.internal.TM.isFPGAConfigured(TM.java:374)
	at com.xilinx.sdk.debug.core.XilinxAppLaunchConfigurationDelegate.isFpgaConfigured(XilinxAppLaunchConfigurationDelegate.java:409)
	at com.xilinx.sdk.debug.core.XilinxAppLaunchConfigurationDelegate.launch(XilinxAppLaunchConfigurationDelegate.java:303)
	at com.xilinx.sdk.debug.ui.XilinxAppLaunchDelegateWrapper.launch(XilinxAppLaunchDelegateWrapper.java:31)
	at org.eclipse.debug.internal.core.LaunchConfiguration.launch(LaunchConfiguration.java:885)
	at org.eclipse.debug.internal.core.LaunchConfiguration.launch(LaunchConfiguration.java:739)
	at org.eclipse.debug.internal.ui.DebugUIPlugin.buildAndLaunch(DebugUIPlugin.java:1039)
	at org.eclipse.debug.internal.ui.DebugUIPlugin$8.run(DebugUIPlugin.java:1256)
	at org.eclipse.core.internal.jobs.Worker.run(Worker.java:55)
20:29:50 ERROR : Disconnect target failed.No Target with ID 64 in the System


20:30:27 ERROR : Checking FPGA configuration failed..Lost communication with jtag cable. Run "xdisconnect -cable"
                           and start over again


20:30:27 ERROR : Unexpected error while launching program.
com.xilinx.sdk.targetmanager.TMException: Lost communication with jtag cable. Run "xdisconnect -cable"
                           and start over again


	at com.xilinx.sdk.targetmanager.internal.TM.isFPGAConfigured(TM.java:374)
	at com.xilinx.sdk.debug.core.XilinxAppLaunchConfigurationDelegate.isFpgaConfigured(XilinxAppLaunchConfigurationDelegate.java:409)
	at com.xilinx.sdk.debug.core.XilinxAppLaunchConfigurationDelegate.launch(XilinxAppLaunchConfigurationDelegate.java:303)
	at com.xilinx.sdk.debug.ui.XilinxAppLaunchDelegateWrapper.launch(XilinxAppLaunchDelegateWrapper.java:31)
	at org.eclipse.debug.internal.core.LaunchConfiguration.launch(LaunchConfiguration.java:885)
	at org.eclipse.debug.internal.core.LaunchConfiguration.launch(LaunchConfiguration.java:739)
	at org.eclipse.debug.internal.ui.DebugUIPlugin.buildAndLaunch(DebugUIPlugin.java:1039)
	at org.eclipse.debug.internal.ui.DebugUIPlugin$8.run(DebugUIPlugin.java:1256)
	at org.eclipse.core.internal.jobs.Worker.run(Worker.java:55)
20:30:28 ERROR : Disconnect target failed.No Target with ID 64 in the System


20:31:47 ERROR : Checking FPGA configuration failed..Lost communication with jtag cable. Run "xdisconnect -cable"
                           and start over again


20:31:47 ERROR : Unexpected error while launching program.
com.xilinx.sdk.targetmanager.TMException: Lost communication with jtag cable. Run "xdisconnect -cable"
                           and start over again


	at com.xilinx.sdk.targetmanager.internal.TM.isFPGAConfigured(TM.java:374)
	at com.xilinx.sdk.debug.core.XilinxAppLaunchConfigurationDelegate.isFpgaConfigured(XilinxAppLaunchConfigurationDelegate.java:409)
	at com.xilinx.sdk.debug.core.XilinxAppLaunchConfigurationDelegate.launch(XilinxAppLaunchConfigurationDelegate.java:303)
	at com.xilinx.sdk.debug.ui.XilinxAppLaunchDelegateWrapper.launch(XilinxAppLaunchDelegateWrapper.java:31)
	at org.eclipse.debug.internal.core.LaunchConfiguration.launch(LaunchConfiguration.java:885)
	at org.eclipse.debug.internal.core.LaunchConfiguration.launch(LaunchConfiguration.java:739)
	at org.eclipse.debug.internal.ui.DebugUIPlugin.buildAndLaunch(DebugUIPlugin.java:1039)
	at org.eclipse.debug.internal.ui.DebugUIPlugin$8.run(DebugUIPlugin.java:1256)
	at org.eclipse.core.internal.jobs.Worker.run(Worker.java:55)
20:31:47 ERROR : Disconnect target failed.No Target with ID 64 in the System


20:33:01 INFO  : Connected to target on host '127.0.0.1' and port '3121'.
20:33:01 INFO  : 'targets -set -filter {jtag_cable_name =~ "Digilent Zed 210248469928" && level==0} -index 1' command is executed.
20:33:04 INFO  : FPGA configured successfully with bitstream "C:/Users/Chance/Documents/ece527/demo_1/demo_1.sdk/design_1_wrapper_hw_platform_0/design_1_wrapper.bit"
20:33:08 ERROR : Checking FPGA configuration failed..Lost communication with jtag cable. Run "xdisconnect -cable"
                           and start over again


20:33:08 ERROR : Unexpected error while launching program.
com.xilinx.sdk.targetmanager.TMException: Lost communication with jtag cable. Run "xdisconnect -cable"
                           and start over again


	at com.xilinx.sdk.targetmanager.internal.TM.isFPGAConfigured(TM.java:374)
	at com.xilinx.sdk.debug.core.XilinxAppLaunchConfigurationDelegate.isFpgaConfigured(XilinxAppLaunchConfigurationDelegate.java:409)
	at com.xilinx.sdk.debug.core.XilinxAppLaunchConfigurationDelegate.launch(XilinxAppLaunchConfigurationDelegate.java:303)
	at com.xilinx.sdk.debug.ui.XilinxAppLaunchDelegateWrapper.launch(XilinxAppLaunchDelegateWrapper.java:31)
	at org.eclipse.debug.internal.core.LaunchConfiguration.launch(LaunchConfiguration.java:885)
	at org.eclipse.debug.internal.core.LaunchConfiguration.launch(LaunchConfiguration.java:739)
	at org.eclipse.debug.internal.ui.DebugUIPlugin.buildAndLaunch(DebugUIPlugin.java:1039)
	at org.eclipse.debug.internal.ui.DebugUIPlugin$8.run(DebugUIPlugin.java:1256)
	at org.eclipse.core.internal.jobs.Worker.run(Worker.java:55)
20:33:09 ERROR : Disconnect target failed.No Target with ID 64 in the System


20:33:18 INFO  : Connected to target on host '127.0.0.1' and port '3121'.
20:33:18 INFO  : 'targets -set -filter {jtag_cable_name =~ "Digilent Zed 210248469928" && level==0} -index 1' command is executed.
20:33:21 ERROR : Error occured during Prog B register check
20:33:46 ERROR : Checking FPGA configuration failed..Lost communication with jtag cable. Run "xdisconnect -cable"
                           and start over again


20:33:46 ERROR : Unexpected error while launching program.
com.xilinx.sdk.targetmanager.TMException: Lost communication with jtag cable. Run "xdisconnect -cable"
                           and start over again


	at com.xilinx.sdk.targetmanager.internal.TM.isFPGAConfigured(TM.java:374)
	at com.xilinx.sdk.debug.core.XilinxAppLaunchConfigurationDelegate.isFpgaConfigured(XilinxAppLaunchConfigurationDelegate.java:409)
	at com.xilinx.sdk.debug.core.XilinxAppLaunchConfigurationDelegate.launch(XilinxAppLaunchConfigurationDelegate.java:303)
	at com.xilinx.sdk.debug.ui.XilinxAppLaunchDelegateWrapper.launch(XilinxAppLaunchDelegateWrapper.java:31)
	at org.eclipse.debug.internal.core.LaunchConfiguration.launch(LaunchConfiguration.java:885)
	at org.eclipse.debug.internal.core.LaunchConfiguration.launch(LaunchConfiguration.java:739)
	at org.eclipse.debug.internal.ui.DebugUIPlugin.buildAndLaunch(DebugUIPlugin.java:1039)
	at org.eclipse.debug.internal.ui.DebugUIPlugin$8.run(DebugUIPlugin.java:1256)
	at org.eclipse.core.internal.jobs.Worker.run(Worker.java:55)
20:33:46 ERROR : Disconnect target failed.No Target with ID 64 in the System


20:35:13 ERROR : Checking FPGA configuration failed..Lost communication with jtag cable. Run "xdisconnect -cable"
                           and start over again


20:35:13 ERROR : Unexpected error while launching program.
com.xilinx.sdk.targetmanager.TMException: Lost communication with jtag cable. Run "xdisconnect -cable"
                           and start over again


	at com.xilinx.sdk.targetmanager.internal.TM.isFPGAConfigured(TM.java:374)
	at com.xilinx.sdk.debug.core.XilinxAppLaunchConfigurationDelegate.isFpgaConfigured(XilinxAppLaunchConfigurationDelegate.java:409)
	at com.xilinx.sdk.debug.core.XilinxAppLaunchConfigurationDelegate.launch(XilinxAppLaunchConfigurationDelegate.java:303)
	at com.xilinx.sdk.debug.ui.XilinxAppLaunchDelegateWrapper.launch(XilinxAppLaunchDelegateWrapper.java:31)
	at org.eclipse.debug.internal.core.LaunchConfiguration.launch(LaunchConfiguration.java:885)
	at org.eclipse.debug.internal.core.LaunchConfiguration.launch(LaunchConfiguration.java:739)
	at org.eclipse.debug.internal.ui.DebugUIPlugin.buildAndLaunch(DebugUIPlugin.java:1039)
	at org.eclipse.debug.internal.ui.DebugUIPlugin$8.run(DebugUIPlugin.java:1256)
	at org.eclipse.core.internal.jobs.Worker.run(Worker.java:55)
20:35:13 ERROR : Disconnect target failed.No Target with ID 64 in the System


20:36:04 ERROR : Checking FPGA configuration failed..Lost communication with jtag cable. Run "xdisconnect -cable"
                           and start over again


20:36:04 ERROR : Unexpected error while launching program.
com.xilinx.sdk.targetmanager.TMException: Lost communication with jtag cable. Run "xdisconnect -cable"
                           and start over again


	at com.xilinx.sdk.targetmanager.internal.TM.isFPGAConfigured(TM.java:374)
	at com.xilinx.sdk.debug.core.XilinxAppLaunchConfigurationDelegate.isFpgaConfigured(XilinxAppLaunchConfigurationDelegate.java:409)
	at com.xilinx.sdk.debug.core.XilinxAppLaunchConfigurationDelegate.launch(XilinxAppLaunchConfigurationDelegate.java:303)
	at com.xilinx.sdk.debug.ui.XilinxAppLaunchDelegateWrapper.launch(XilinxAppLaunchDelegateWrapper.java:31)
	at org.eclipse.debug.internal.core.LaunchConfiguration.launch(LaunchConfiguration.java:885)
	at org.eclipse.debug.internal.core.LaunchConfiguration.launch(LaunchConfiguration.java:739)
	at org.eclipse.debug.internal.ui.DebugUIPlugin.buildAndLaunch(DebugUIPlugin.java:1039)
	at org.eclipse.debug.internal.ui.DebugUIPlugin$8.run(DebugUIPlugin.java:1256)
	at org.eclipse.core.internal.jobs.Worker.run(Worker.java:55)
20:36:04 ERROR : Disconnect target failed.No Target with ID 64 in the System


20:36:32 INFO  : Connected to target on host '127.0.0.1' and port '3121'.
20:36:32 INFO  : 'targets -set -filter {jtag_cable_name =~ "Digilent Zed 210248469928" && level==0} -index 1' command is executed.
20:36:35 INFO  : FPGA configured successfully with bitstream "C:/Users/Chance/Documents/ece527/demo_1/demo_1.sdk/design_1_wrapper_hw_platform_0/design_1_wrapper.bit"
20:36:39 ERROR : Checking FPGA configuration failed..Lost communication with jtag cable. Run "xdisconnect -cable"
                           and start over again


20:36:39 ERROR : Unexpected error while launching program.
com.xilinx.sdk.targetmanager.TMException: Lost communication with jtag cable. Run "xdisconnect -cable"
                           and start over again


	at com.xilinx.sdk.targetmanager.internal.TM.isFPGAConfigured(TM.java:374)
	at com.xilinx.sdk.debug.core.XilinxAppLaunchConfigurationDelegate.isFpgaConfigured(XilinxAppLaunchConfigurationDelegate.java:409)
	at com.xilinx.sdk.debug.core.XilinxAppLaunchConfigurationDelegate.launch(XilinxAppLaunchConfigurationDelegate.java:303)
	at com.xilinx.sdk.debug.ui.XilinxAppLaunchDelegateWrapper.launch(XilinxAppLaunchDelegateWrapper.java:31)
	at org.eclipse.debug.internal.core.LaunchConfiguration.launch(LaunchConfiguration.java:885)
	at org.eclipse.debug.internal.core.LaunchConfiguration.launch(LaunchConfiguration.java:739)
	at org.eclipse.debug.internal.ui.DebugUIPlugin.buildAndLaunch(DebugUIPlugin.java:1039)
	at org.eclipse.debug.internal.ui.DebugUIPlugin$8.run(DebugUIPlugin.java:1256)
	at org.eclipse.core.internal.jobs.Worker.run(Worker.java:55)
20:36:39 ERROR : Disconnect target failed.No Target with ID 64 in the System


20:39:44 INFO  : Connected to target on host '127.0.0.1' and port '3121'.
20:39:47 INFO  : 'targets -set -filter {jtag_cable_name =~ "Digilent Zed 210248469928" && level==0} -index 1' command is executed.
20:39:49 INFO  : FPGA configured successfully with bitstream "C:/Users/Chance/Documents/ece527/demo_1/demo_1.sdk/design_1_wrapper_hw_platform_0/design_1_wrapper.bit"
20:39:54 ERROR : Checking FPGA configuration failed..Lost communication with jtag cable. Run "xdisconnect -cable"
                           and start over again


20:39:54 ERROR : Unexpected error while launching program.
com.xilinx.sdk.targetmanager.TMException: Lost communication with jtag cable. Run "xdisconnect -cable"
                           and start over again


	at com.xilinx.sdk.targetmanager.internal.TM.isFPGAConfigured(TM.java:374)
	at com.xilinx.sdk.debug.core.XilinxAppLaunchConfigurationDelegate.isFpgaConfigured(XilinxAppLaunchConfigurationDelegate.java:409)
	at com.xilinx.sdk.debug.core.XilinxAppLaunchConfigurationDelegate.launch(XilinxAppLaunchConfigurationDelegate.java:303)
	at com.xilinx.sdk.debug.ui.XilinxAppLaunchDelegateWrapper.launch(XilinxAppLaunchDelegateWrapper.java:31)
	at org.eclipse.debug.internal.core.LaunchConfiguration.launch(LaunchConfiguration.java:885)
	at org.eclipse.debug.internal.core.LaunchConfiguration.launch(LaunchConfiguration.java:739)
	at org.eclipse.debug.internal.ui.DebugUIPlugin.buildAndLaunch(DebugUIPlugin.java:1039)
	at org.eclipse.debug.internal.ui.DebugUIPlugin$8.run(DebugUIPlugin.java:1256)
	at org.eclipse.core.internal.jobs.Worker.run(Worker.java:55)
20:39:54 ERROR : Disconnect target failed.No Target with ID 64 in the System


20:40:32 ERROR : Checking FPGA configuration failed..Lost communication with jtag cable. Run "xdisconnect -cable"
                           and start over again


20:40:32 ERROR : Unexpected error while launching program.
com.xilinx.sdk.targetmanager.TMException: Lost communication with jtag cable. Run "xdisconnect -cable"
                           and start over again


	at com.xilinx.sdk.targetmanager.internal.TM.isFPGAConfigured(TM.java:374)
	at com.xilinx.sdk.debug.core.XilinxAppLaunchConfigurationDelegate.isFpgaConfigured(XilinxAppLaunchConfigurationDelegate.java:409)
	at com.xilinx.sdk.debug.core.XilinxAppLaunchConfigurationDelegate.launch(XilinxAppLaunchConfigurationDelegate.java:303)
	at com.xilinx.sdk.debug.ui.XilinxAppLaunchDelegateWrapper.launch(XilinxAppLaunchDelegateWrapper.java:31)
	at org.eclipse.debug.internal.core.LaunchConfiguration.launch(LaunchConfiguration.java:885)
	at org.eclipse.debug.internal.core.LaunchConfiguration.launch(LaunchConfiguration.java:739)
	at org.eclipse.debug.internal.ui.DebugUIPlugin.buildAndLaunch(DebugUIPlugin.java:1039)
	at org.eclipse.debug.internal.ui.DebugUIPlugin$8.run(DebugUIPlugin.java:1256)
	at org.eclipse.core.internal.jobs.Worker.run(Worker.java:55)
20:40:33 ERROR : Disconnect target failed.No Target with ID 64 in the System


20:42:35 ERROR : (XSDB Server)unexpected arguments: arm hw

20:44:08 INFO  : Connected to target on host '127.0.0.1' and port '3121'.
20:44:08 INFO  : 'targets -set -filter {jtag_cable_name =~ "Digilent Zed 210248469928" && level==0} -index 1' command is executed.
20:44:11 INFO  : FPGA configured successfully with bitstream "C:/Users/Chance/Documents/ece527/demo_1/demo_1.sdk/design_1_wrapper_hw_platform_0/design_1_wrapper.bit"
20:44:14 ERROR : Checking FPGA configuration failed..Lost communication with jtag cable. Run "xdisconnect -cable"
                           and start over again


20:44:14 ERROR : Unexpected error while launching program.
com.xilinx.sdk.targetmanager.TMException: Lost communication with jtag cable. Run "xdisconnect -cable"
                           and start over again


	at com.xilinx.sdk.targetmanager.internal.TM.isFPGAConfigured(TM.java:374)
	at com.xilinx.sdk.debug.core.XilinxAppLaunchConfigurationDelegate.isFpgaConfigured(XilinxAppLaunchConfigurationDelegate.java:409)
	at com.xilinx.sdk.debug.core.XilinxAppLaunchConfigurationDelegate.launch(XilinxAppLaunchConfigurationDelegate.java:303)
	at com.xilinx.sdk.debug.ui.XilinxAppLaunchDelegateWrapper.launch(XilinxAppLaunchDelegateWrapper.java:31)
	at org.eclipse.debug.internal.core.LaunchConfiguration.launch(LaunchConfiguration.java:885)
	at org.eclipse.debug.internal.core.LaunchConfiguration.launch(LaunchConfiguration.java:739)
	at org.eclipse.debug.internal.ui.DebugUIPlugin.buildAndLaunch(DebugUIPlugin.java:1039)
	at org.eclipse.debug.internal.ui.DebugUIPlugin$8.run(DebugUIPlugin.java:1256)
	at org.eclipse.core.internal.jobs.Worker.run(Worker.java:55)
20:44:14 ERROR : Disconnect target failed.No Target with ID 64 in the System


20:44:24 ERROR : Disconnect target failed.No Target with ID 64 in the System


20:44:24 ERROR : Unable to disconnect from existing targets
java.lang.RuntimeException: No Target with ID 64 in the System


	at com.xilinx.sdk.targetmanager.internal.TM.disconnectTarget(TM.java:329)
	at com.xilinx.sdk.targetmanager.internal.TM.disconnectExistingTargets(TM.java:308)
	at com.xilinx.sdk.targetmanager.internal.TM.terminate(TM.java:212)
	at com.xilinx.sdk.targetmanager.TMPlugin.stop(TMPlugin.java:58)
	at org.eclipse.osgi.internal.framework.BundleContextImpl$4.run(BundleContextImpl.java:830)
	at org.eclipse.osgi.internal.framework.BundleContextImpl$4.run(BundleContextImpl.java:1)
	at java.security.AccessController.doPrivileged(Native Method)
	at org.eclipse.osgi.internal.framework.BundleContextImpl.stop(BundleContextImpl.java:823)
	at org.eclipse.osgi.internal.framework.EquinoxBundle.stopWorker0(EquinoxBundle.java:946)
	at org.eclipse.osgi.internal.framework.EquinoxBundle$EquinoxModule.stopWorker(EquinoxBundle.java:314)
	at org.eclipse.osgi.container.Module.doStop(Module.java:636)
	at org.eclipse.osgi.container.Module.stop(Module.java:498)
	at org.eclipse.osgi.container.ModuleContainer$ContainerStartLevel.decStartLevel(ModuleContainer.java:1661)
	at org.eclipse.osgi.container.ModuleContainer$ContainerStartLevel.doContainerStartLevel(ModuleContainer.java:1580)
	at org.eclipse.osgi.container.SystemModule.stopWorker(SystemModule.java:270)
	at org.eclipse.osgi.internal.framework.EquinoxBundle$SystemBundle$EquinoxSystemModule.stopWorker(EquinoxBundle.java:147)
	at org.eclipse.osgi.container.Module.doStop(Module.java:636)
	at org.eclipse.osgi.container.Module.stop(Module.java:498)
	at org.eclipse.osgi.container.SystemModule.stop(SystemModule.java:202)
	at org.eclipse.osgi.internal.framework.EquinoxBundle$SystemBundle$EquinoxSystemModule$1.run(EquinoxBundle.java:165)
	at java.lang.Thread.run(Thread.java:745)
20:44:24 ERROR : Unexpected error while parsing XMD response ?: com.google.gson.JsonSyntaxException: com.google.gson.stream.MalformedJsonException: invalid number or unquoted string near 
20:44:48 INFO  : Registering command handlers for SDK TCF services
20:44:49 INFO  : Launching XSCT server: xsct.bat -interactive C:\Users\Chance\Documents\ece527\demo_1\demo_1.sdk\temp_xsdb_launch_script.tcl
20:44:51 INFO  : XSCT server has started successfully.
20:44:54 INFO  : Processing command line option -hwspec C:/Users/Chance/Documents/ece527/demo_1/demo_1.sdk/design_1_wrapper.hdf.
20:44:54 INFO  : Successfully done setting XSCT server connection channel  
20:44:54 INFO  : Checking for hwspec changes in the project design_1_wrapper_hw_platform_0.
20:44:54 INFO  : Successfully done setting SDK workspace  
20:46:15 INFO  : Connected to target on host '127.0.0.1' and port '3121'.
20:46:16 INFO  : 'targets -set -filter {jtag_cable_name =~ "Digilent Zed 210248469928" && level==0} -index 1' command is executed.
20:46:18 INFO  : FPGA configured successfully with bitstream "C:/Users/Chance/Documents/ece527/demo_1/demo_1.sdk/design_1_wrapper_hw_platform_0/design_1_wrapper.bit"
20:46:30 INFO  : ps7_init is completed.
20:46:30 INFO  : ps7_post_config is completed.
20:46:30 INFO  : Processor reset is completed for ps7_cortexa9_0
20:47:51 INFO  : ps7_cortexa9_0 Processor is in use. Please stop existing Run or Debug sessions before launching.
20:47:55 INFO  : Processor reset is completed for ps7_cortexa9_0
21:01:09 INFO  : ps7_cortexa9_0 Processor is in use. Please stop existing Run or Debug sessions before launching.
21:01:11 INFO  : Processor reset is completed for ps7_cortexa9_0
21:02:05 INFO  : ps7_cortexa9_0 Processor is in use. Please stop existing Run or Debug sessions before launching.
21:02:07 INFO  : Processor reset is completed for ps7_cortexa9_0
21:14:19 ERROR : Unexpected error while parsing XMD response ?: com.google.gson.JsonSyntaxException: com.google.gson.stream.MalformedJsonException: invalid number or unquoted string near 
16:38:37 INFO  : Registering command handlers for SDK TCF services
16:38:38 INFO  : Launching XSCT server: xsct.bat -interactive C:\Users\Chance\Documents\ece527\demo_1\demo_1.sdk\temp_xsdb_launch_script.tcl
16:38:41 INFO  : XSCT server has started successfully.
16:38:46 INFO  : Processing command line option -hwspec C:/Users/Chance/Documents/ece527/demo_1/demo_1.sdk/design_1_wrapper.hdf.
16:38:46 INFO  : Successfully done setting XSCT server connection channel  
16:38:46 INFO  : Checking for hwspec changes in the project design_1_wrapper_hw_platform_0.
16:38:46 INFO  : Successfully done setting SDK workspace  
16:40:41 INFO  : Connected to target on host '127.0.0.1' and port '3121'.
16:40:42 INFO  : 'targets -set -filter {jtag_cable_name =~ "Digilent Zed 210248469928" && level==0} -index 1' command is executed.
16:40:44 INFO  : FPGA configured successfully with bitstream "C:/Users/Chance/Documents/ece527/demo_1/demo_1.sdk/design_1_wrapper_hw_platform_0/design_1_wrapper.bit"
16:40:54 INFO  : ps7_init is completed.
16:40:55 INFO  : ps7_post_config is completed.
16:40:55 INFO  : Processor reset is completed for ps7_cortexa9_0
17:17:46 ERROR : Unexpected error while parsing XMD response ?: com.google.gson.JsonSyntaxException: com.google.gson.stream.MalformedJsonException: invalid number or unquoted string near 
