
*** Running vivado
    with args -log design_1_rst_ps7_0_100M_1.vds -m64 -product Vivado -mode batch -messageDb vivado.pb -notrace -source design_1_rst_ps7_0_100M_1.tcl


****** Vivado v2017.2.1 (64-bit)
  **** SW Build 1957588 on Wed Aug  9 16:32:24 MDT 2017
  **** IP Build 1948039 on Wed Aug  9 18:19:28 MDT 2017
    ** Copyright 1986-2017 Xilinx, Inc. All Rights Reserved.

source design_1_rst_ps7_0_100M_1.tcl -notrace
Starting RTL Elaboration : Time (s): cpu = 00:00:06 ; elapsed = 00:00:07 . Memory (MB): peak = 317.598 ; gain = 77.918
INFO: [Synth 8-638] synthesizing module 'design_1_rst_ps7_0_100M_1' [c:/Users/Chance/Documents/ece527/demo_1/demo_1.srcs/sources_1/bd/design_1/ip/design_1_rst_ps7_0_100M_1/synth/design_1_rst_ps7_0_100M_1.vhd:74]
INFO: [Synth 8-638] synthesizing module 'proc_sys_reset' [c:/Users/Chance/Documents/ece527/demo_1/demo_1.srcs/sources_1/bd/design_1/ipshared/5db7/hdl/proc_sys_reset_v5_0_vh_rfs.vhd:1323]
INFO: [Synth 8-638] synthesizing module 'lpf' [c:/Users/Chance/Documents/ece527/demo_1/demo_1.srcs/sources_1/bd/design_1/ipshared/5db7/hdl/proc_sys_reset_v5_0_vh_rfs.vhd:816]
INFO: [Synth 8-638] synthesizing module 'SRL16' [C:/Xilinx/Vivado/2017.2/scripts/rt/data/unisim_comp.v:43657]
INFO: [Synth 8-256] done synthesizing module 'SRL16' (1#1) [C:/Xilinx/Vivado/2017.2/scripts/rt/data/unisim_comp.v:43657]
INFO: [Synth 8-638] synthesizing module 'cdc_sync' [c:/Users/Chance/Documents/ece527/demo_1/demo_1.srcs/sources_1/bd/design_1/ipshared/52cb/hdl/lib_cdc_v1_0_rfs.vhd:106]
INFO: [Synth 8-256] done synthesizing module 'cdc_sync' (2#1) [c:/Users/Chance/Documents/ece527/demo_1/demo_1.srcs/sources_1/bd/design_1/ipshared/52cb/hdl/lib_cdc_v1_0_rfs.vhd:106]
INFO: [Synth 8-256] done synthesizing module 'lpf' (3#1) [c:/Users/Chance/Documents/ece527/demo_1/demo_1.srcs/sources_1/bd/design_1/ipshared/5db7/hdl/proc_sys_reset_v5_0_vh_rfs.vhd:816]
INFO: [Synth 8-638] synthesizing module 'sequence_psr' [c:/Users/Chance/Documents/ece527/demo_1/demo_1.srcs/sources_1/bd/design_1/ipshared/5db7/hdl/proc_sys_reset_v5_0_vh_rfs.vhd:301]
INFO: [Synth 8-638] synthesizing module 'upcnt_n' [c:/Users/Chance/Documents/ece527/demo_1/demo_1.srcs/sources_1/bd/design_1/ipshared/5db7/hdl/proc_sys_reset_v5_0_vh_rfs.vhd:125]
INFO: [Synth 8-256] done synthesizing module 'upcnt_n' (4#1) [c:/Users/Chance/Documents/ece527/demo_1/demo_1.srcs/sources_1/bd/design_1/ipshared/5db7/hdl/proc_sys_reset_v5_0_vh_rfs.vhd:125]
INFO: [Synth 8-256] done synthesizing module 'sequence_psr' (5#1) [c:/Users/Chance/Documents/ece527/demo_1/demo_1.srcs/sources_1/bd/design_1/ipshared/5db7/hdl/proc_sys_reset_v5_0_vh_rfs.vhd:301]
INFO: [Synth 8-256] done synthesizing module 'proc_sys_reset' (6#1) [c:/Users/Chance/Documents/ece527/demo_1/demo_1.srcs/sources_1/bd/design_1/ipshared/5db7/hdl/proc_sys_reset_v5_0_vh_rfs.vhd:1323]
INFO: [Synth 8-256] done synthesizing module 'design_1_rst_ps7_0_100M_1' (7#1) [c:/Users/Chance/Documents/ece527/demo_1/demo_1.srcs/sources_1/bd/design_1/ip/design_1_rst_ps7_0_100M_1/synth/design_1_rst_ps7_0_100M_1.vhd:74]
Finished RTL Elaboration : Time (s): cpu = 00:00:08 ; elapsed = 00:00:08 . Memory (MB): peak = 358.676 ; gain = 118.996
Finished RTL Optimization Phase 1 : Time (s): cpu = 00:00:08 ; elapsed = 00:00:09 . Memory (MB): peak = 358.676 ; gain = 118.996
INFO: [Device 21-403] Loading part xc7z020clg484-1
Constraint Validation Runtime : Time (s): cpu = 00:00:00 ; elapsed = 00:00:00.396 . Memory (MB): peak = 681.113 ; gain = 0.000
Finished Constraint Validation : Time (s): cpu = 00:00:26 ; elapsed = 00:00:32 . Memory (MB): peak = 681.113 ; gain = 441.434
Finished Loading Part and Timing Information : Time (s): cpu = 00:00:26 ; elapsed = 00:00:32 . Memory (MB): peak = 681.113 ; gain = 441.434
Finished applying 'set_property' XDC Constraints : Time (s): cpu = 00:00:26 ; elapsed = 00:00:32 . Memory (MB): peak = 681.113 ; gain = 441.434
Finished RTL Optimization Phase 2 : Time (s): cpu = 00:00:26 ; elapsed = 00:00:32 . Memory (MB): peak = 681.113 ; gain = 441.434
Finished Cross Boundary and Area Optimization : Time (s): cpu = 00:00:27 ; elapsed = 00:00:33 . Memory (MB): peak = 681.113 ; gain = 441.434
Finished Applying XDC Timing Constraints : Time (s): cpu = 00:00:44 ; elapsed = 00:00:52 . Memory (MB): peak = 681.113 ; gain = 441.434
Finished Timing Optimization : Time (s): cpu = 00:00:44 ; elapsed = 00:00:52 . Memory (MB): peak = 681.113 ; gain = 441.434
Finished Technology Mapping : Time (s): cpu = 00:00:44 ; elapsed = 00:00:52 . Memory (MB): peak = 681.113 ; gain = 441.434
Finished IO Insertion : Time (s): cpu = 00:00:45 ; elapsed = 00:00:53 . Memory (MB): peak = 681.113 ; gain = 441.434
Finished Renaming Generated Instances : Time (s): cpu = 00:00:45 ; elapsed = 00:00:53 . Memory (MB): peak = 681.113 ; gain = 441.434
Finished Rebuilding User Hierarchy : Time (s): cpu = 00:00:45 ; elapsed = 00:00:53 . Memory (MB): peak = 681.113 ; gain = 441.434
Finished Renaming Generated Ports : Time (s): cpu = 00:00:45 ; elapsed = 00:00:53 . Memory (MB): peak = 681.113 ; gain = 441.434
Finished Handling Custom Attributes : Time (s): cpu = 00:00:45 ; elapsed = 00:00:53 . Memory (MB): peak = 681.113 ; gain = 441.434
Finished Renaming Generated Nets : Time (s): cpu = 00:00:45 ; elapsed = 00:00:53 . Memory (MB): peak = 681.113 ; gain = 441.434

Report Cell Usage: 
+------+------+------+
|      |Cell  |Count |
+------+------+------+
|1     |LUT1  |     5|
|2     |LUT2  |     9|
|3     |LUT3  |     1|
|4     |LUT4  |     6|
|5     |LUT5  |     3|
|6     |LUT6  |     1|
|7     |SRL16 |     1|
|8     |FDR   |     8|
|9     |FDRE  |    28|
|10    |FDSE  |     4|
+------+------+------+
Finished Writing Synthesis Report : Time (s): cpu = 00:00:45 ; elapsed = 00:00:53 . Memory (MB): peak = 681.113 ; gain = 441.434
synth_design: Time (s): cpu = 00:00:47 ; elapsed = 00:00:55 . Memory (MB): peak = 681.113 ; gain = 442.063
